<?xml version="1.0" encoding="UTF-8"?>
<!-- Generated by org.testng.reporters.JUnitReportReporter -->
<testsuite skipped="0" hostname="all-PC" name="DOUBLECLICK" tests="1" failures="0" timestamp="24 Sep 2018 08:26:52 GMT" time="14.077" errors="0">
  <testcase name="start" time="14.077" classname="DOUBLECLICK"/>
</testsuite> <!-- DOUBLECLICK -->
